20221206	17:34:57	c7cea10a-8eaf-4c3d-b3f3-a4f078edff78	GET	/	undefined
20221206	17:47:39	f1df1bed-ca64-4758-83e6-897bea7f6efd	GET	/	undefined
20221206	17:47:39	c6791216-afb1-46f3-bf74-ebf53c3d0edd	GET	/css/style.css	undefined
20221206	17:47:51	ca3d647f-d2fc-4aa5-ac55-189948f9974a	GET	/as	undefined
20221206	17:47:51	17cf4f26-e2d4-4908-8c23-540d6e99a306	GET	/css/style.css	undefined
20221206	17:49:30	26ac22a0-f1ff-45d9-896e-2240915cef74	OPTIONS	/	https://www.google.com
20221206	17:49:30	29b30097-a2af-4659-86b2-cf952aebb9b9	GET	/	https://www.google.com
20221206	17:51:20	36a47fd1-1311-4c35-b407-11c5e0c5ee00	OPTIONS	/	https://master.djla59a3lt5w9.amplifyapp.com
20221206	17:51:20	366a38cf-3d23-4b4e-8fc5-dd7bd245f375	GET	/	https://master.djla59a3lt5w9.amplifyapp.com
20221206	17:52:18	b073ab23-3858-4d68-acac-01c6022af01d	OPTIONS	/	https://master.djla59a3lt5w9.amplifyapp.com
20221206	17:52:18	9d39942f-f8fe-4213-85a0-ffd13503e780	GET	/	https://master.djla59a3lt5w9.amplifyapp.com
20221210	18:56:39	6880d5e1-11af-4a16-bd7d-35e0647ef5fa	GET	/	undefined
20221210	18:56:54	e99707f2-9a38-44f7-bf34-0a6191cce235	GET	/users	undefined
20221210	19:00:55	471520eb-e1bb-47b2-9a65-23f02d2eb347	POST	/users	undefined
20221210	19:02:34	fd7d622c-86c9-4b27-a5b4-444f50ea0a62	POST	/users	undefined
20221210	19:04:30	4083725a-54e5-4fea-b137-418eee6fe4bc	POST	/users	undefined
20221210	19:04:47	e546aa5d-8be0-467d-9108-08e5b3339205	GET	/users	undefined
20221210	19:07:24	73130613-df56-433a-b481-93cb20bcf1e6	POST	/users	undefined
20221210	19:07:37	c4393184-8e11-43bb-bc3a-925eaa3f071d	POST	/users	undefined
20221210	19:07:46	fce83fc9-900f-4f51-bcaa-4f6f808e01ee	POST	/users	undefined
20221210	19:07:48	15a40114-6072-4f80-ad3e-fadc53e1a774	POST	/users	undefined
20221210	19:08:01	f1b93c8a-1849-4a28-8b8f-b71e1fc9347b	POST	/users	undefined
20221210	19:12:30	1531825f-7e74-4923-8df5-00197aa6255e	GET	/users	undefined
20221210	19:13:07	d3ec9cec-e76e-444a-9e54-98928bfca149	PATCH	/users	undefined
20221210	19:13:29	69979849-9b8d-40b8-a69f-6dd2dfe6d7cf	PATCH	/users	undefined
20221210	19:14:03	4ca1238f-5a9f-4bf3-892b-6d3572a63618	PATCH	/users	undefined
20221210	19:14:21	7a2c72b2-f4bc-4681-ac1e-7a56d8712866	PATCH	/users	undefined
20221210	19:14:37	fb8e9777-aca3-402c-9094-86841c1b7572	GET	/users	undefined
20221210	19:15:07	a72ce17e-f198-48b8-adc7-cbc43fe55653	PATCH	/users	undefined
20221210	19:15:14	51c6c622-b046-4a61-9332-b2f549871a87	PATCH	/users	undefined
20221210	19:15:17	d705142b-056c-4418-a550-f8019918639c	PATCH	/users	undefined
20221210	19:15:26	80b41666-34b2-476e-a835-6a300634028c	GET	/users	undefined
20221210	19:15:59	d757a455-6cbe-4922-b1a8-6443ade8e4a9	POST	/users	undefined
20221210	19:16:09	5c055048-4b28-4718-a853-e07a88aa0c13	POST	/users	undefined
20221210	19:16:12	120f6450-87fe-432c-ae80-18c1e9946ccf	POST	/users	undefined
20221210	19:16:30	f4d4303f-0885-480a-be67-eef63a145784	GET	/users	undefined
20221210	19:17:11	650532a5-6843-4eea-b62e-f75b132b38c6	PATCH	/users	undefined
20221210	19:17:19	b65a90b7-c60e-4229-8f0e-b21a3d9e5afe	PATCH	/users	undefined
20221210	19:20:22	455de1df-838b-46a1-8826-7fad834ecfbe	GET	/users	undefined
20221210	19:20:37	20925b87-dad6-4962-89ee-5b3cf4899cfc	DELETE	/users	undefined
20221210	19:20:45	3cfee8a8-3795-4f30-aa8d-2104177ae285	DELETE	/users	undefined
20221210	19:20:59	b2346b5d-7640-4c5b-a87e-d202b8b2469f	DELETE	/users	undefined
20221210	19:21:07	3239413f-a9fd-4f80-90ce-9dcde4a24d57	GET	/users	undefined
20221210	19:21:37	5b3c47f1-ad6c-42a2-8661-a43b65fab9b9	DELETE	/users	undefined
20221210	19:37:28	d9c197db-36af-4350-aa4d-afdd1b660f7c	GET	/notes	undefined
20221210	19:37:31	4a21977a-b12d-4463-b136-302a0950d071	GET	/notes	undefined
20221210	19:37:39	4fdbae02-d5b9-47b8-85ff-c29ce9020d65	GET	/	undefined
20221210	19:37:45	05ba0bec-459f-4b75-8732-db349349eff9	GET	/users	undefined
20221210	19:37:49	c0c301a1-cced-4e6a-bbc9-deb7b2c4d14e	GET	/notes	undefined
20221210	19:37:51	21904137-bedc-4ded-aa86-332438cc4524	GET	/note	undefined
20221210	19:38:42	e1ac1bda-f2a8-4dda-a8fd-2032d1df9508	GET	/note	undefined
20221210	19:41:01	102ba2ee-b06c-4f49-b8b6-ddba8c5c9f5f	GET	/	undefined
20221210	19:41:04	1933d688-c17f-4a63-a8d1-60f0c8dc20c4	GET	/user	undefined
20221210	19:41:07	8a620b38-4c48-4c57-84d7-23fd90d83d01	GET	/users	undefined
20221210	19:41:12	18b51f7a-decf-452c-ab91-99f3ac68c61b	GET	/notes	undefined
